{
  "RSpec": {
    "coverage": {
      "/Users/arne/code/projects/textalyze/config/environment.rb": [
        null,
        1,
        null,
        null,
        1
      ],
      "/Users/arne/code/projects/textalyze/config/application.rb": [
        1,
        null,
        1,
        null,
        1,
        null,
        1,
        null,
        null,
        null,
        null,
        1,
        1,
        null,
        null,
        null,
        null,
        null,
        null,
        null,
        null,
        null,
        null,
        null,
        null,
        null,
        null,
        null,
        null,
        null,
        null,
        null,
        null,
        null,
        null,
        null,
        1,
        null,
        null,
        1,
        null,
        null,
        1,
        null,
        null,
        null,
        null,
        null,
        null,
        null,
        null,
        null,
        null,
        1,
        null,
        null,
        1,
        null,
        null,
        1,
        null,
        null
      ],
      "/Users/arne/code/projects/textalyze/config/boot.rb": [
        1,
        null,
        null,
        1,
        null,
        1
      ],
      "/Users/arne/code/projects/textalyze/config/environments/test.rb": [
        1,
        null,
        null,
        null,
        null,
        null,
        null,
        1,
        null,
        null,
        1,
        1,
        null,
        null,
        1,
        null,
        null,
        1,
        1,
        null,
        null,
        1,
        null,
        null,
        1,
        null,
        null,
        null,
        null,
        1,
        null,
        null,
        1,
        null,
        null,
        1,
        null
      ],
      "/Users/arne/code/projects/textalyze/config/initializers/backtrace_silencers.rb": [
        null,
        null,
        null,
        null,
        null,
        null,
        null
      ],
      "/Users/arne/code/projects/textalyze/config/initializers/inflections.rb": [
        null,
        null,
        null,
        null,
        null,
        null,
        null,
        null,
        null,
        null,
        null,
        null,
        null,
        null,
        null
      ],
      "/Users/arne/code/projects/textalyze/config/initializers/mime_types.rb": [
        null,
        null,
        null,
        null,
        null
      ],
      "/Users/arne/code/projects/textalyze/config/initializers/secret_token.rb": [
        null,
        null,
        null,
        null,
        null,
        null,
        1
      ],
      "/Users/arne/code/projects/textalyze/config/initializers/session_store.rb": [
        null,
        null,
        1,
        null,
        null,
        null,
        null,
        null
      ],
      "/Users/arne/code/projects/textalyze/config/initializers/wrap_parameters.rb": [
        null,
        null,
        null,
        null,
        null,
        null,
        1,
        1,
        null,
        null,
        null,
        1,
        1,
        null
      ],
      "/Users/arne/code/projects/textalyze/app/controllers/application_controller.rb": [
        1,
        1,
        null
      ],
      "/Users/arne/code/projects/textalyze/app/helpers/application_helper.rb": [
        1,
        null
      ],
      "/Users/arne/code/projects/textalyze/app/helpers/documents_helper.rb": [
        1,
        null
      ],
      "/Users/arne/code/projects/textalyze/app/controllers/documents_controller.rb": [
        1,
        null,
        1,
        0,
        null,
        null,
        1,
        0,
        null,
        null,
        1,
        0,
        0,
        null,
        null,
        null
      ],
      "/Users/arne/code/projects/textalyze/app/models/document.rb": [
        1,
        1,
        null,
        1,
        1,
        1,
        null,
        1,
        null,
        1,
        10,
        2,
        null,
        null,
        1,
        10,
        10,
        null,
        null,
        1,
        9,
        9,
        9,
        7,
        7,
        null,
        2,
        2,
        null,
        null,
        null,
        1,
        null,
        1,
        9,
        9,
        9,
        9,
        9,
        9,
        9,
        null,
        null,
        null
      ],
      "/Users/arne/code/projects/textalyze/lib/web_parser.rb": [
        1,
        1,
        1,
        null,
        1,
        1,
        10,
        7,
        null,
        3,
        3,
        null,
        null,
        1,
        10,
        10,
        null,
        7,
        null,
        null,
        null,
        1,
        2,
        null,
        null,
        1,
        5,
        5,
        5,
        0,
        0,
        null,
        5,
        5,
        null,
        null,
        1,
        5,
        5,
        null,
        null
      ],
      "/Users/arne/code/projects/textalyze/lib/text_processor.rb": [
        null,
        null,
        null,
        1,
        null,
        1,
        9,
        null,
        null,
        1,
        9,
        9,
        73,
        9,
        null,
        null,
        1,
        9,
        9,
        null,
        null,
        1,
        null,
        1,
        9,
        null,
        null,
        null,
        null,
        null,
        null,
        null,
        null,
        62,
        41,
        41,
        9,
        null,
        null,
        null
      ],
      "/Users/arne/code/projects/textalyze/config/routes.rb": [
        1,
        null,
        null,
        1,
        1,
        1,
        null,
        1,
        1,
        null,
        null,
        null,
        null,
        null,
        null,
        null,
        null,
        null,
        null,
        null,
        null,
        null,
        null,
        null,
        null,
        null,
        null,
        null,
        null,
        null,
        null,
        null,
        null,
        null,
        null,
        null,
        null,
        null,
        null,
        null,
        null,
        null,
        null,
        null,
        null,
        null,
        null,
        null,
        null,
        null,
        null,
        null,
        null,
        null,
        null,
        null,
        null,
        null,
        null,
        null,
        null,
        null,
        null,
        null,
        null,
        null,
        null
      ]
    },
    "timestamp": 1357633234
  }
}
